iMPACT Version: 11.5

iMPACT log file Started on Tue Nov 14 13:19:52 2017

Welcome to iMPACT
iMPACT Version: 11.5
The setting has been saved, to change the settings, please go toEdit->Preferences.// *** BATCH CMD : setPreference -pref StartupClock:AUTO_CORRECTION
// *** BATCH CMD : setPreference -pref AutoSignature:FALSE
// *** BATCH CMD : setPreference -pref KeepSVF:FALSE
// *** BATCH CMD : setPreference -pref ConcurrentMode:FALSE
// *** BATCH CMD : setPreference -pref UseHighz:FALSE
// *** BATCH CMD : setPreference -pref svfUseTime:FALSE
// *** BATCH CMD : setPreference -pref SpiByteSwap:AUTO_CORRECTION
Project: /usr1/hyun/Dropbox/Experiment_TA/2016/ISE//auto_project.ipf created.
// *** BATCH CMD : setMode -bs
// *** BATCH CMD : setMode -bs
// *** BATCH CMD : setMode -bs
// *** BATCH CMD : setMode -bs
GUI --- Auto connect to cable...
// *** BATCH CMD : setCable -port auto
AutoDetecting cable. Please wait.
PROGRESS_START - Starting Operation.
Reusing A0010001 key.
Reusing 24010001 key.
Connecting to cable (Usb Port - USB21).
Checking cable driver.
File version of /mnt/rose/cad/linux/xilinx/11.1/ISE/bin/lin64/xusbdfwu.hex =1030.
File version of /etc/hotplug/usb/xusbdfwu.fw/xusbdfwu.hex = 1030.
 Using libusb.
 Kernel release = 2.6.32-504.12.2.el6.x86_64.
 Max current requested during enumeration is 300 mA.
Type = 0x0005.
 Cable Type = 3, Revision = 0.
 Setting cable speed to 6 MHz.
Cable connection established.
Firmware version = 2401.
File version of /mnt/rose/cad/linux/xilinx/11.1/ISE/data/xusb_xp2.hex = 2401.
Firmware hex file version = 2401.
PLD file version = 200Dh.
 PLD version = 200Dh.
PROGRESS_END - End Operation.
Elapsed time =      0 sec.
Attempting to identify devices in the boundary-scan chain configuration...
INFO:iMPACT - Current time: Tue Nov 14 13:20:30 2017
// *** BATCH CMD : Identify 
ERROR:iMPACT - A reference voltage has not been detected on the ribbon cable   interface to the target system ( pin 2 ).  Check that power is applied to the   target system and that the ribbon cable is properly seated at both ends.  The   status LED on Platform Cable USB will be GREEN if target voltage is in the   proper range and applied to the correct pin.
