iMPACT Version: Aug 24 2009 20:55:57

iMPACT log file Started on Fri Dec  8 17:31:23 2017

Preference Table
Name                 Setting             
StartupClock         Auto_Correction     
AutoSignature        False               
KeepSVF              False               
ConcurrentMode       False               
UseHighz             False               
ConfigOnFailure      Stop                
UserLevel            Novice              
MessageLevel         Detailed            
svfUseTime           false               
SpiByteSwap          Auto_Correction     
Reusing A0000001 key.
Reusing 24000001 key.
Connecting to cable (Usb Port - USB21).
Checking cable driver.
File version of /mnt/cad/Xilinx/11.1/ISE/bin/lin64/xusbdfwu.hex = 1030.
File version of /usr/share/xusbdfwu.hex = 1030.
 Using libusb.
 Kernel release = 2.6.32-573.7.1.el6.x86_64.
 Max current requested during enumeration is 300 mA.
Type = 0x0005.
 Cable Type = 3, Revision = 0.
 Setting cable speed to 6 MHz.
Cable connection established.
Firmware version = 2401.
File version of /mnt/cad/Xilinx/11.1/ISE/data/xusb_xp2.hex = 2401.
Firmware hex file version = 2401.
PLD file version = 200Dh.
 PLD version = 200Dh.
INFO:iMPACT:1777 - 
   Reading /mnt/cad/Xilinx/11.1/ISE/xcfp/data/xcf32p.bsd...
INFO:iMPACT:501 - '1': Added Device xcf32p successfully.
----------------------------------------------------------------------
----------------------------------------------------------------------
INFO:iMPACT:1835 - Loading CFI file -- File ? --.cfi
Revision information not found, proceed with device default setting.
INFO:iMPACT:1777 - 
   Reading /mnt/cad/Xilinx/11.1/ISE/xc9500xl/data/xc95144xl.bsd...
INFO:iMPACT:501 - '2': Added Device xc95144xl successfully.
----------------------------------------------------------------------
----------------------------------------------------------------------
INFO:iMPACT:1777 - 
   Reading /mnt/cad/Xilinx/11.1/ISE/acecf/data/xccace.bsd...
INFO:iMPACT:501 - '3': Added Device xccace successfully.
----------------------------------------------------------------------
----------------------------------------------------------------------
'4': Loading file 'fpga_top.bit' ...
done.
INFO:iMPACT:1777 - 
   Reading /mnt/cad/Xilinx/11.1/ISE/virtex5/data/xc5vlx50.bsd...
INFO:iMPACT:2257 - Startup Clock has been changed to 'JtagClk' in the bitstream   stored in memory,
   but the original bitstream file remains unchanged.
UserID read from the bitstream file = 0xFFFFFFFF.
INFO:iMPACT:501 - '4': Added Device xc5vlx50 successfully.
----------------------------------------------------------------------
----------------------------------------------------------------------
Active mode is BS
AutoDetecting cable. Please wait.
Reusing A0000001 key.
Reusing 24000001 key.
Connecting to cable (Usb Port - USB21).
Checking cable driver.
File version of /mnt/cad/Xilinx/11.1/ISE/bin/lin64/xusbdfwu.hex = 1030.
File version of /usr/share/xusbdfwu.hex = 1030.
 Using libusb.
 Kernel release = 2.6.32-573.7.1.el6.x86_64.
 Max current requested during enumeration is 300 mA.
Type = 0x0005.
 Cable Type = 3, Revision = 0.
 Setting cable speed to 6 MHz.
Cable connection established.
Firmware version = 2401.
File version of /mnt/cad/Xilinx/11.1/ISE/data/xusb_xp2.hex = 2401.
Firmware hex file version = 2401.
PLD file version = 200Dh.
 PLD version = 200Dh.
Maximum TCK operating frequency for this device chain: 10000000.
Validating chain...
Boundary-scan chain validated successfully.
4: Device Temperature: Current Reading:   43.98 C, Min. Reading:   43.98 C, Max.Reading:   45.95 C
4: VCCINT Supply: Current Reading:   0.996 V, Min. Reading:   0.993 V, Max.Reading:   0.999 V
4: VCCAUX Supply: Current Reading:   2.484 V, Min. Reading:   2.481 V, Max.Reading:   2.484 V
'4': Programming device...
 Match_cycle = 2.
done.
INFO:iMPACT:2219 - Status register values:
INFO:iMPACT - 0011 1111 1011 1110 0000 1011 1000 0000 
INFO:iMPACT:579 - '4': Completed downloading bit file to device.
INFO:iMPACT - '4': Programing completed successfully.
 Match_cycle = 2.
INFO:iMPACT - '4': Checking done pin....done.
'4': Programmed successfully.
Elapsed time =      5 sec.
----------------------------------------------------------------------
----------------------------------------------------------------------
----------------------------------------------------------------------
----------------------------------------------------------------------
----------------------------------------------------------------------
----------------------------------------------------------------------
