Release 11.1 - xst L.57 (lin64)
Copyright (c) 1995-2009 Xilinx, Inc.  All rights reserved.
--> 
Parameter TMPDIR set to xst/projnav.tmp


Total REAL time to Xst completion: 1.00 secs
Total CPU time to Xst completion: 0.10 secs
 
--> 
Parameter xsthdpdir set to xst


Total REAL time to Xst completion: 1.00 secs
Total CPU time to Xst completion: 0.10 secs
 
--> 
Reading design: fpga_top.prj

TABLE OF CONTENTS
  1) Synthesis Options Summary
  2) HDL Compilation
  3) Design Hierarchy Analysis
  4) HDL Analysis
  5) HDL Synthesis
     5.1) HDL Synthesis Report
  6) Advanced HDL Synthesis
     6.1) Advanced HDL Synthesis Report
  7) Low Level Synthesis
  8) Partition Report
  9) Final Report
	9.1) Device utilization summary
	9.2) Partition Resource Summary
	9.3) TIMING REPORT


=========================================================================
*                      Synthesis Options Summary                        *
=========================================================================
---- Source Parameters
Input File Name                    : "fpga_top.prj"
Input Format                       : mixed
Ignore Synthesis Constraint File   : YES
Verilog Include Directory          : { "/home/jikken17/FPGA_TOP/include/" }

---- Target Parameters
Output File Name                   : "fpga_top"
Output Format                      : NGC
Target Device                      : xc5vlx50-1-ff676

---- Source Options
Top Module Name                    : fpga_top
Automatic FSM Extraction           : YES
FSM Encoding Algorithm             : Auto
Safe Implementation                : No
FSM Style                          : lut
RAM Extraction                     : Yes
RAM Style                          : Auto
ROM Extraction                     : Yes
Mux Style                          : Auto
Decoder Extraction                 : YES
Priority Encoder Extraction        : YES
Shift Register Extraction          : YES
Logical Shifter Extraction         : YES
XOR Collapsing                     : YES
ROM Style                          : Auto
Mux Extraction                     : YES
Resource Sharing                   : YES
Asynchronous To Synchronous        : NO
Use DSP Block                      : auto
Automatic Register Balancing       : No

---- Target Options
LUT Combining                      : off
Reduce Control Sets                : off
Add IO Buffers                     : YES
Global Maximum Fanout              : 100000
Add Generic Clock Buffer(BUFG)     : 32
Register Duplication               : YES
Slice Packing                      : YES
Optimize Instantiated Primitives   : NO
Use Clock Enable                   : Auto
Use Synchronous Set                : Auto
Use Synchronous Reset              : Auto
Pack IO Registers into IOBs        : auto
Equivalent register Removal        : YES

---- General Options
Optimization Goal                  : Speed
Optimization Effort                : 1
Power Reduction                    : NO
Library Search Order               : fpga_top.lso
Keep Hierarchy                     : NO
Netlist Hierarchy                  : as_optimized
RTL Output                         : Yes
Global Optimization                : AllClockNets
Read Cores                         : YES
Write Timing Constraints           : NO
Cross Clock Analysis               : NO
Hierarchy Separator                : /
Bus Delimiter                      : <>
Case Specifier                     : maintain
Slice Utilization Ratio            : 100
BRAM Utilization Ratio             : 100
DSP48 Utilization Ratio            : 100
Verilog 2001                       : YES
Auto BRAM Packing                  : NO
Slice Utilization Ratio Delta      : 5

=========================================================================


=========================================================================
*                          HDL Compilation                              *
=========================================================================
Compiling verilog file "../rtl/dvi/Register.v" in library work
Compiling verilog file "../rtl/dvi/HardRegister.v" in library work
Module <Register> compiled
Compiling verilog file "../rtl/dvi/FIFORegControl.v" in library work
Module <HardRegister> compiled
Compiling verilog file "../rtl/dvi/ShiftRegister.v" in library work
Module <FIFORegControl> compiled
Compiling verilog file "../rtl/dvi/FIFORegister.v" in library work
Module <ShiftRegister> compiled
Compiling verilog file "../rtl/dvi/Counter.v" in library work
Module <FIFORegister> compiled
Compiling verilog file "../rtl/dvi/CountCompare.v" in library work
Compiling verilog include file "/home/jikken17/FPGA_TOP/include/Const.v"
Module <Counter> compiled
Compiling verilog file "../rtl/dvi/I2CMaster.v" in library work
Compiling verilog include file "/home/jikken17/FPGA_TOP/include/Const.v"
Module <CountCompare> compiled
Compiling verilog include file "/home/jikken17/FPGA_TOP/include/I2CMaster.constants"
Compiling verilog file "../rtl/dvi/FIFOShiftRound.v" in library work
Compiling verilog include file "/home/jikken17/FPGA_TOP/include/Const.v"
Module <I2CMaster> compiled
Compiling verilog file "../rtl/dvi/CountRegion.v" in library work
Compiling verilog include file "/home/jikken17/FPGA_TOP/include/Const.v"
Module <FIFOShiftRound> compiled
Compiling verilog file "../rtl/dvi/SDR2DDR.v" in library work
Compiling verilog include file "/home/jikken17/FPGA_TOP/include/Const.v"
Module <CountRegion> compiled
Compiling verilog file "../rtl/dvi/PixelCounter.v" in library work
Compiling verilog include file "/home/jikken17/FPGA_TOP/include/Const.v"
Module <SDR2DDR> compiled
Compiling verilog file "../rtl/dvi/IORegister.v" in library work
Module <PixelCounter> compiled
Compiling verilog file "../rtl/dvi/I2CDRAMMaster.v" in library work
Compiling verilog include file "/home/jikken17/FPGA_TOP/include/Const.v"
Module <IORegister> compiled
Compiling verilog include file "/home/jikken17/FPGA_TOP/include/I2CDRAMMaster.constants"
Compiling verilog include file "/home/jikken17/FPGA_TOP/include/I2CMaster.constants"
Compiling verilog file "../rtl/dvi/FIFOInitial.v" in library work
Compiling verilog include file "/home/jikken17/FPGA_TOP/include/Const.v"
Module <I2CDRAMMaster> compiled
Compiling verilog file "../rtl/dvi/disp_digit_seg.v" in library work
Module <FIFOInitial> compiled
Compiling verilog file "../rtl/sysele/lcd/lcd_memory.v" in library work
Module <disp_digit_seg> compiled
Compiling verilog file "../rtl/sysele/lcd/lcd_control.v" in library work
Module <lcd_memory> compiled
Compiling verilog file "../rtl/sysele/lcd/lcd_comm.v" in library work
Module <lcd_control> compiled
Compiling verilog file "../rtl/sysele/lcd/key2char.v" in library work
Module <lcd_comm> compiled
Compiling verilog file "../rtl/ps2/ps2_data_in.v" in library work
Module <key2char> compiled
Compiling verilog file "../rtl/ps2/ps2_command_out.v" in library work
Module <ps2_data_in> compiled
Compiling verilog file "../rtl/dvi/sync_gen.v" in library work
Module <ps2_command_out> compiled
Compiling verilog file "../rtl/dvi/DVIInitial.v" in library work
Module <sync_gen> compiled
Compiling verilog include file "/home/jikken17/FPGA_TOP/include/I2CDRAMMaster.constants"
Compiling verilog include file "/home/jikken17/FPGA_TOP/include/I2CMaster.constants"
Compiling verilog file "../rtl/dvi/DVIData.v" in library work
Module <DVIInitial> compiled
Compiling verilog file "../rtl/dvi/draw_rect.v" in library work
Module <DVIData> compiled
Compiling verilog file "../rtl/dvi/disp_digit.v" in library work
Module <draw_rect> compiled
Compiling verilog file "../rtl/dvi/button_detector.v" in library work
Module <disp_digit> compiled
Compiling verilog file "../rtl/tele_txrx/tele_tx.v" in library work
Module <button_detector> compiled
Compiling verilog file "../rtl/tele_txrx/tele_rx.v" in library work
Module <tele_tx> compiled
Compiling verilog file "../rtl/tele_txrx/tele_err.v" in library work
Module <tele_rx> compiled
Compiling verilog file "../rtl/tele_txrx/tele_crg.v" in library work
Module <tele_err> compiled
Compiling verilog file "../rtl/sysele/rstgen.v" in library work
Module <tele_crg> compiled
Compiling verilog file "../rtl/sysele/lcd/lcd_ctrl_top.v" in library work
Module <rstgen> compiled
Compiling verilog file "../rtl/sysele/lcd/lcd.v" in library work
Module <lcd_ctrl_top> compiled
Compiling verilog file "../rtl/ps2/ps2_mouse.v" in library work
Module <lcd> compiled
Module <ps2_mouse> compiled
Compiling verilog file "../rtl/ps2/ps2_keyboard_ctrl.v" in library work
Module <ps2_mouse_interface> compiled
Compiling verilog file "../rtl/ps2/ps2_keyboard.v" in library work
Module <ps2_keyboard_ctrl> compiled
Compiling verilog file "../rtl/dvi/move_rect.v" in library work
Module <ps2_keyboard> compiled
ERROR:HDLCompilers:28 - "../rtl/dvi/move_rect.v" line 231 'i_pls_' has not been declared
Compiling verilog file "../rtl/dvi/DVI.v" in library work
Module <move_rect> compiled
Compiling verilog file "../rtl/dvi/display.v" in library work
Module <DVI> compiled
Compiling verilog file "../rtl/dvi/CPG.v" in library work
Module <display> compiled
Compiling verilog file "../rtl/audio/audio_proc.v" in library work
Module <CPG> compiled
Compiling verilog file "../rtl/audio/audio_if.v" in library work
Module <audio_proc> compiled
Compiling verilog file "pll2.v" in library work
Module <audio_if> compiled
Compiling verilog file "pll.v" in library work
Module <pll2> compiled
Compiling verilog file "../rtl/sysele/lcd_top.v" in library work
Module <pll> compiled
Compiling verilog file "../rtl/ps2/ps2_top.v" in library work
Module <lcd_top> compiled
Compiling verilog file "../rtl/dvi/DVI_TOP.v" in library work
Module <ps2_top> compiled
WARNING:HDLCompilers:298 - "../rtl/dvi/DVI_TOP.v" line 364 Too many digits specified in decimal constant
Compiling verilog file "../rtl/audio/audio.v" in library work
Module <DVI_TOP> compiled
Compiling verilog file "crg.v" in library work
Module <audio> compiled
Compiling verilog file "../fpga/fpga_top.v" in library work
Module <crg> compiled
Compiling verilog file "clock_gen.v" in library work
Module <fpga_top> compiled
Compiling verilog file "clockgen.v" in library work
Module <clock_gen> compiled
Module <clockgen> compiled
Analysis of file <"fpga_top.prj"> failed.
--> 


Total memory usage is 441544 kilobytes

Number of errors   :    1 (   0 filtered)
Number of warnings :    1 (   0 filtered)
Number of infos    :    0 (   0 filtered)

